22-01-05 Wed 12:42:32.876 [http-nio-8080-exec-1] [1;31mERROR[0;39m [36mc.p.b.c.LoginInterceptor[0;39m - Login display in msec: 761 
22-01-05 Wed 12:48:11.767 [http-nio-8080-exec-1] [1;31mERROR[0;39m [36mc.p.b.c.LoginInterceptor[0;39m - Login display in msec: 594 
22-01-05 Wed 12:59:17.445 [http-nio-8080-exec-1] [1;31mERROR[0;39m [36mc.p.b.c.LoginInterceptor[0;39m - Login display in msec: 837 
22-01-05 Wed 13:05:30.810 [http-nio-8080-exec-1] [1;31mERROR[0;39m [36mc.p.b.c.LoginInterceptor[0;39m - Login display in msec: 1059 
22-01-08 Sat 08:02:11.454 [http-nio-8080-exec-1] [1;31mERROR[0;39m [36mc.p.b.c.LoginInterceptor[0;39m - Login display in msec: 834 
22-01-08 Sat 08:02:14.574 [http-nio-8080-exec-2] [1;31mERROR[0;39m [36mc.p.b.c.LoginInterceptor[0;39m - Login display in msec: 3 
22-01-08 Sat 08:02:18.658 [http-nio-8080-exec-5] [1;31mERROR[0;39m [36mc.p.b.c.LoginInterceptor[0;39m - Login display in msec: 2 
22-01-08 Sat 08:05:08.507 [http-nio-8080-exec-1] [1;31mERROR[0;39m [36mc.p.b.c.LoginInterceptor[0;39m - Login display in msec: 879 
22-01-08 Sat 08:05:13.204 [http-nio-8080-exec-2] [1;31mERROR[0;39m [36mc.p.b.c.LoginInterceptor[0;39m - Login display in msec: 4 
22-01-08 Sat 08:05:15.526 [http-nio-8080-exec-4] [1;31mERROR[0;39m [36mc.p.b.c.LoginInterceptor[0;39m - Login display in msec: 2 
22-01-08 Sat 08:14:50.250 [http-nio-8080-exec-1] [1;31mERROR[0;39m [36mc.p.b.c.LoginInterceptor[0;39m - Login display in msec: 2224 
22-01-08 Sat 08:14:50.261 [http-nio-8080-exec-2] [1;31mERROR[0;39m [36mc.p.b.c.LoginInterceptor[0;39m - Login display in msec: 6 
22-01-08 Sat 08:14:52.058 [http-nio-8080-exec-6] [1;31mERROR[0;39m [36mc.p.b.c.LoginInterceptor[0;39m - Login display in msec: 9 
22-01-08 Sat 08:15:41.171 [http-nio-8080-exec-1] [1;31mERROR[0;39m [36mc.p.b.c.LoginInterceptor[0;39m - Login display in msec: 836 
22-01-08 Sat 08:15:43.472 [http-nio-8080-exec-3] [1;31mERROR[0;39m [36mc.p.b.c.LoginInterceptor[0;39m - Login display in msec: 4 
22-01-08 Sat 08:18:47.368 [http-nio-8080-exec-1] [1;31mERROR[0;39m [36mc.p.b.c.LoginInterceptor[0;39m - Login display in msec: 773 
22-01-08 Sat 08:18:49.459 [http-nio-8080-exec-3] [1;31mERROR[0;39m [36mc.p.b.c.LoginInterceptor[0;39m - Login display in msec: 4 
22-01-08 Sat 08:27:44.969 [http-nio-8080-exec-1] [1;31mERROR[0;39m [36mc.p.b.c.LoginInterceptor[0;39m - Login display in msec: 792 
22-01-08 Sat 08:27:44.980 [http-nio-8080-exec-2] [1;31mERROR[0;39m [36mc.p.b.c.LoginInterceptor[0;39m - Login display in msec: 5 
22-01-08 Sat 08:27:48.336 [http-nio-8080-exec-4] [1;31mERROR[0;39m [36mc.p.b.c.LoginInterceptor[0;39m - Login display in msec: 8 
22-01-10 Mon 12:26:00.958 [http-nio-8080-exec-1] [1;31mERROR[0;39m [36mc.p.b.c.LoginInterceptor[0;39m - Login display in msec: 613 
22-01-10 Mon 12:47:36.859 [http-nio-8080-exec-2] [1;31mERROR[0;39m [36mc.p.b.c.LoginInterceptor[0;39m - Login display in msec: 487 
22-01-10 Mon 12:50:03.950 [http-nio-8080-exec-2] [1;31mERROR[0;39m [36mc.p.b.c.LoginInterceptor[0;39m - Login display in msec: 528 
22-01-10 Mon 14:17:05.904 [http-nio-8080-exec-2] [1;31mERROR[0;39m [36mc.p.b.c.LoginInterceptor[0;39m - Login display in msec: 622 
22-01-10 Mon 14:19:21.559 [http-nio-8080-exec-2] [1;31mERROR[0;39m [36mc.p.b.c.LoginInterceptor[0;39m - Login display in msec: 715 
22-01-10 Mon 14:21:41.913 [http-nio-8080-exec-2] [1;31mERROR[0;39m [36mc.p.b.c.LoginInterceptor[0;39m - Login display in msec: 628 
22-01-10 Mon 14:23:17.594 [http-nio-8080-exec-2] [1;31mERROR[0;39m [36mc.p.b.c.LoginInterceptor[0;39m - Login display in msec: 660 
22-01-10 Mon 14:26:26.876 [http-nio-8080-exec-2] [1;31mERROR[0;39m [36mc.p.b.c.LoginInterceptor[0;39m - Login display in msec: 754 
22-01-10 Mon 14:28:33.597 [http-nio-8080-exec-2] [1;31mERROR[0;39m [36mc.p.b.c.LoginInterceptor[0;39m - Login display in msec: 607 
22-01-10 Mon 14:30:32.106 [http-nio-8080-exec-2] [1;31mERROR[0;39m [36mc.p.b.c.LoginInterceptor[0;39m - Login display in msec: 741 
22-01-10 Mon 14:33:23.156 [http-nio-8080-exec-2] [1;31mERROR[0;39m [36mc.p.b.c.LoginInterceptor[0;39m - Login display in msec: 699 
22-01-10 Mon 14:43:05.780 [http-nio-8080-exec-2] [1;31mERROR[0;39m [36mc.p.b.c.LoginInterceptor[0;39m - Login display in msec: 622 
22-01-10 Mon 14:51:49.097 [http-nio-8080-exec-2] [1;31mERROR[0;39m [36mc.p.b.c.LoginInterceptor[0;39m - Login display in msec: 676 
22-01-10 Mon 15:02:00.412 [http-nio-8080-exec-2] [1;31mERROR[0;39m [36mc.p.b.c.LoginInterceptor[0;39m - Login display in msec: 646 
22-01-10 Mon 15:16:51.810 [http-nio-8080-exec-1] [1;31mERROR[0;39m [36mc.p.b.c.LoginInterceptor[0;39m - Login display in msec: 221 
22-01-10 Mon 15:20:08.431 [http-nio-8080-exec-6] [1;31mERROR[0;39m [36mc.p.b.c.LoginInterceptor[0;39m - Login display in msec: 351 
22-01-10 Mon 15:21:53.130 [http-nio-8080-exec-6] [1;31mERROR[0;39m [36mc.p.b.c.LoginInterceptor[0;39m - Login display in msec: 384 
22-01-10 Mon 15:26:55.343 [http-nio-8080-exec-7] [1;31mERROR[0;39m [36mc.p.b.c.LoginInterceptor[0;39m - Login display in msec: 0 
22-01-10 Mon 15:30:57.712 [http-nio-8080-exec-6] [1;31mERROR[0;39m [36mc.p.b.c.LoginInterceptor[0;39m - Login display in msec: 410 
22-01-10 Mon 15:32:17.991 [http-nio-8080-exec-1] [1;31mERROR[0;39m [36mc.p.b.c.LoginInterceptor[0;39m - Login display in msec: 827 
22-01-10 Mon 15:35:59.792 [http-nio-8080-exec-1] [1;31mERROR[0;39m [36mc.p.b.c.LoginInterceptor[0;39m - Login display in msec: 302 
22-01-10 Mon 16:00:47.590 [http-nio-8080-exec-3] [1;31mERROR[0;39m [36mc.p.b.c.LoginInterceptor[0;39m - Login display in msec: 291 
22-01-10 Mon 16:01:41.226 [http-nio-8080-exec-9] [1;31mERROR[0;39m [36mc.p.b.c.LoginInterceptor[0;39m - Login display in msec: 6 
22-01-10 Mon 16:01:46.517 [http-nio-8080-exec-2] [1;31mERROR[0;39m [36mc.p.b.c.LoginInterceptor[0;39m - Login display in msec: 0 
22-01-10 Mon 16:01:53.517 [http-nio-8080-exec-4] [1;31mERROR[0;39m [36mc.p.b.c.LoginInterceptor[0;39m - Login display in msec: 8 
22-01-10 Mon 16:02:21.849 [http-nio-8080-exec-5] [1;31mERROR[0;39m [36mc.p.b.c.LoginInterceptor[0;39m - Login display in msec: 7 
22-01-10 Mon 16:03:01.660 [http-nio-8080-exec-4] [1;31mERROR[0;39m [36mc.p.b.c.LoginInterceptor[0;39m - Login display in msec: 8 
22-01-10 Mon 16:03:07.209 [http-nio-8080-exec-1] [1;31mERROR[0;39m [36mc.p.b.c.LoginInterceptor[0;39m - Login display in msec: 0 
22-01-10 Mon 16:03:10.505 [http-nio-8080-exec-8] [1;31mERROR[0;39m [36mc.p.b.c.LoginInterceptor[0;39m - Login display in msec: 8 
22-01-10 Mon 16:03:17.586 [http-nio-8080-exec-6] [1;31mERROR[0;39m [36mc.p.b.c.LoginInterceptor[0;39m - Login display in msec: 8 
22-01-10 Mon 16:03:25.768 [http-nio-8080-exec-3] [1;31mERROR[0;39m [36mc.p.b.c.LoginInterceptor[0;39m - Login display in msec: 8 
22-01-10 Mon 16:03:44.306 [http-nio-8080-exec-5] [1;31mERROR[0;39m [36mc.p.b.c.LoginInterceptor[0;39m - Login display in msec: 0 
22-01-10 Mon 16:03:54.665 [http-nio-8080-exec-2] [1;31mERROR[0;39m [36mc.p.b.c.LoginInterceptor[0;39m - Login display in msec: 0 
22-01-10 Mon 16:03:59.395 [http-nio-8080-exec-10] [1;31mERROR[0;39m [36mc.p.b.c.LoginInterceptor[0;39m - Login display in msec: 0 
22-01-10 Mon 16:04:20.094 [http-nio-8080-exec-9] [1;31mERROR[0;39m [36mc.p.b.c.LoginInterceptor[0;39m - Login display in msec: 13 
22-01-10 Mon 16:04:56.229 [http-nio-8080-exec-2] [1;31mERROR[0;39m [36mc.p.b.c.LoginInterceptor[0;39m - Login display in msec: 0 
22-01-10 Mon 16:05:00.301 [http-nio-8080-exec-6] [1;31mERROR[0;39m [36mc.p.b.c.LoginInterceptor[0;39m - Login display in msec: 0 
22-01-10 Mon 16:05:07.288 [http-nio-8080-exec-4] [1;31mERROR[0;39m [36mc.p.b.c.LoginInterceptor[0;39m - Login display in msec: 8 
22-01-10 Mon 16:05:22.431 [http-nio-8080-exec-9] [1;31mERROR[0;39m [36mc.p.b.c.LoginInterceptor[0;39m - Login display in msec: 5 
22-01-10 Mon 16:05:27.203 [http-nio-8080-exec-6] [1;31mERROR[0;39m [36mc.p.b.c.LoginInterceptor[0;39m - Login display in msec: 0 
22-01-10 Mon 16:06:33.572 [http-nio-8080-exec-6] [1;31mERROR[0;39m [36mc.p.b.c.LoginInterceptor[0;39m - Login display in msec: 357 
22-01-10 Mon 16:43:59.754 [http-nio-8080-exec-7] [1;31mERROR[0;39m [36mc.p.b.c.LoginInterceptor[0;39m - Login display in msec: 355 
22-01-10 Mon 16:45:06.345 [http-nio-8080-exec-2] [1;31mERROR[0;39m [36mc.p.b.c.LoginInterceptor[0;39m - Login display in msec: 651 
22-01-10 Mon 16:49:06.456 [http-nio-8080-exec-2] [1;31mERROR[0;39m [36mc.p.b.c.LoginInterceptor[0;39m - Login display in msec: 597 
22-01-10 Mon 16:50:56.810 [http-nio-8080-exec-2] [1;31mERROR[0;39m [36mc.p.b.c.LoginInterceptor[0;39m - Login display in msec: 682 
22-01-10 Mon 16:52:28.138 [http-nio-8080-exec-2] [1;31mERROR[0;39m [36mc.p.b.c.LoginInterceptor[0;39m - Login display in msec: 1171 
22-01-10 Mon 16:55:21.121 [http-nio-8080-exec-1] [1;31mERROR[0;39m [36mc.p.b.c.LoginInterceptor[0;39m - Login display in msec: 764 
22-01-10 Mon 16:56:38.676 [http-nio-8080-exec-2] [1;31mERROR[0;39m [36mc.p.b.c.LoginInterceptor[0;39m - Login display in msec: 673 
22-01-10 Mon 16:58:57.427 [http-nio-8080-exec-2] [1;31mERROR[0;39m [36mc.p.b.c.LoginInterceptor[0;39m - Login display in msec: 665 
22-01-10 Mon 16:59:52.272 [http-nio-8080-exec-2] [1;31mERROR[0;39m [36mc.p.b.c.LoginInterceptor[0;39m - Login display in msec: 686 
22-01-10 Mon 17:01:46.469 [http-nio-8080-exec-6] [1;31mERROR[0;39m [36mc.p.b.c.LoginInterceptor[0;39m - Login display in msec: 369 
22-01-10 Mon 17:07:56.304 [http-nio-8080-exec-6] [1;31mERROR[0;39m [36mc.p.b.c.LoginInterceptor[0;39m - Login display in msec: 346 
22-01-10 Mon 17:10:15.310 [http-nio-8080-exec-5] [1;31mERROR[0;39m [36mc.p.b.c.LoginInterceptor[0;39m - Login display in msec: 5 
22-01-10 Mon 17:11:50.752 [http-nio-8080-exec-2] [1;31mERROR[0;39m [36mc.p.b.c.LoginInterceptor[0;39m - Login display in msec: 645 
22-01-10 Mon 17:13:54.207 [http-nio-8080-exec-2] [1;31mERROR[0;39m [36mc.p.b.c.LoginInterceptor[0;39m - Login display in msec: 800 
22-01-10 Mon 17:15:34.856 [http-nio-8080-exec-2] [1;31mERROR[0;39m [36mc.p.b.c.LoginInterceptor[0;39m - Login display in msec: 718 
22-01-10 Mon 17:16:14.113 [http-nio-8080-exec-6] [1;31mERROR[0;39m [36mc.p.b.c.LoginInterceptor[0;39m - Login display in msec: 8 
22-01-10 Mon 17:16:16.741 [http-nio-8080-exec-8] [1;31mERROR[0;39m [36mc.p.b.c.LoginInterceptor[0;39m - Login display in msec: 1 
22-01-13 Thu 11:02:09.465 [http-nio-8080-exec-10] [1;31mERROR[0;39m [36mc.p.b.c.LoginInterceptor[0;39m - Login display in msec: 251 
22-01-14 Fri 11:11:23.091 [http-nio-8080-exec-9] [1;31mERROR[0;39m [36mc.p.b.c.LoginInterceptor[0;39m - Login display in msec: 328 
22-01-14 Fri 11:11:30.189 [http-nio-8080-exec-4] [1;31mERROR[0;39m [36mc.p.b.c.LoginInterceptor[0;39m - Login display in msec: 9 
22-01-14 Fri 11:11:43.870 [http-nio-8080-exec-7] [1;31mERROR[0;39m [36mc.p.b.c.LoginInterceptor[0;39m - Login display in msec: 3 
22-01-14 Fri 11:13:31.103 [http-nio-8080-exec-1] [1;31mERROR[0;39m [36mc.p.b.c.LoginInterceptor[0;39m - Login display in msec: 810 
22-01-14 Fri 11:13:40.995 [http-nio-8080-exec-2] [1;31mERROR[0;39m [36mc.p.b.c.LoginInterceptor[0;39m - Login display in msec: 8 
22-01-14 Fri 11:36:58.273 [http-nio-8080-exec-2] [1;31mERROR[0;39m [36mc.p.b.c.LoginInterceptor[0;39m - Login display in msec: 734 
22-01-14 Fri 11:44:09.168 [http-nio-8080-exec-4] [1;31mERROR[0;39m [36mc.p.b.c.LoginInterceptor[0;39m - Login display in msec: 285 
22-01-14 Fri 11:46:57.321 [http-nio-8080-exec-1] [1;31mERROR[0;39m [36mc.p.b.c.LoginInterceptor[0;39m - Login display in msec: 1007 
22-01-19 Wed 12:37:18.360 [http-nio-8080-exec-9] [1;31mERROR[0;39m [36mc.p.b.c.LoginInterceptor[0;39m - Login display in msec: 323 
22-01-19 Wed 12:37:27.492 [http-nio-8080-exec-10] [1;31mERROR[0;39m [36mc.p.b.c.LoginInterceptor[0;39m - Login display in msec: 6 
22-01-19 Wed 12:37:37.336 [http-nio-8080-exec-4] [1;31mERROR[0;39m [36mc.p.b.c.LoginInterceptor[0;39m - Login display in msec: 0 
22-01-19 Wed 12:37:48.129 [http-nio-8080-exec-10] [1;31mERROR[0;39m [36mc.p.b.c.LoginInterceptor[0;39m - Login display in msec: 8 
22-01-19 Wed 12:38:01.950 [http-nio-8080-exec-7] [1;31mERROR[0;39m [36mc.p.b.c.LoginInterceptor[0;39m - Login display in msec: 0 
22-01-19 Wed 12:38:39.765 [http-nio-8080-exec-3] [1;31mERROR[0;39m [36mc.p.b.c.LoginInterceptor[0;39m - Login display in msec: 8 
22-01-19 Wed 12:51:25.806 [http-nio-8080-exec-1] [1;31mERROR[0;39m [36mc.p.b.c.LoginInterceptor[0;39m - Login display in msec: 705 
22-01-19 Wed 12:58:42.644 [http-nio-8080-exec-1] [1;31mERROR[0;39m [36mc.p.b.c.LoginInterceptor[0;39m - Login display in msec: 1319 
22-01-19 Wed 13:01:39.178 [http-nio-8080-exec-1] [1;31mERROR[0;39m [36mc.p.b.c.LoginInterceptor[0;39m - Login display in msec: 897 
22-01-19 Wed 13:10:03.629 [http-nio-8080-exec-1] [1;31mERROR[0;39m [36mc.p.b.c.LoginInterceptor[0;39m - Login display in msec: 1166 
22-01-19 Wed 13:27:54.210 [http-nio-8080-exec-3] [1;31mERROR[0;39m [36mc.p.b.c.LoginInterceptor[0;39m - Login display in msec: 305 
22-01-19 Wed 13:30:19.229 [http-nio-8080-exec-3] [1;31mERROR[0;39m [36mc.p.b.c.LoginInterceptor[0;39m - Login display in msec: 211 
22-01-19 Wed 13:32:48.944 [http-nio-8080-exec-3] [1;31mERROR[0;39m [36mc.p.b.c.LoginInterceptor[0;39m - Login display in msec: 189 
22-01-19 Wed 13:34:10.704 [http-nio-8080-exec-3] [1;31mERROR[0;39m [36mc.p.b.c.LoginInterceptor[0;39m - Login display in msec: 306 
22-01-19 Wed 13:38:36.148 [http-nio-8080-exec-3] [1;31mERROR[0;39m [36mc.p.b.c.LoginInterceptor[0;39m - Login display in msec: 185 
22-01-19 Wed 13:39:22.251 [http-nio-8080-exec-3] [1;31mERROR[0;39m [36mc.p.b.c.LoginInterceptor[0;39m - Login display in msec: 170 
22-01-19 Wed 13:43:13.495 [http-nio-8080-exec-3] [1;31mERROR[0;39m [36mc.p.b.c.LoginInterceptor[0;39m - Login display in msec: 315 
22-01-19 Wed 13:51:58.673 [http-nio-8080-exec-2] [1;31mERROR[0;39m [36mc.p.b.c.LoginInterceptor[0;39m - Login display in msec: 373 
22-01-19 Wed 13:54:06.137 [http-nio-8080-exec-2] [1;31mERROR[0;39m [36mc.p.b.c.LoginInterceptor[0;39m - Login display in msec: 543 
22-01-19 Wed 13:58:43.312 [http-nio-8080-exec-2] [1;31mERROR[0;39m [36mc.p.b.c.LoginInterceptor[0;39m - Login display in msec: 674 
22-01-19 Wed 14:00:42.172 [http-nio-8080-exec-2] [1;31mERROR[0;39m [36mc.p.b.c.LoginInterceptor[0;39m - Login display in msec: 615 
22-01-19 Wed 14:07:18.828 [http-nio-8080-exec-2] [1;31mERROR[0;39m [36mc.p.b.c.LoginInterceptor[0;39m - Login display in msec: 1092 
22-01-19 Wed 15:31:01.986 [http-nio-8080-exec-2] [1;31mERROR[0;39m [36mc.p.b.c.LoginInterceptor[0;39m - Login display in msec: 610 
22-01-19 Wed 15:33:36.289 [http-nio-8080-exec-2] [1;31mERROR[0;39m [36mc.p.b.c.LoginInterceptor[0;39m - Login display in msec: 633 
22-01-19 Wed 15:34:58.905 [http-nio-8080-exec-2] [1;31mERROR[0;39m [36mc.p.b.c.LoginInterceptor[0;39m - Login display in msec: 626 
22-01-19 Wed 15:40:59.197 [http-nio-8080-exec-2] [1;31mERROR[0;39m [36mc.p.b.c.LoginInterceptor[0;39m - Login display in msec: 1125 
22-01-19 Wed 15:41:00.759 [http-nio-8080-exec-3] [1;31mERROR[0;39m [36mc.p.b.c.LoginInterceptor[0;39m - Login display in msec: 2 
22-01-19 Wed 15:42:24.220 [http-nio-8080-exec-2] [1;31mERROR[0;39m [36mc.p.b.c.LoginInterceptor[0;39m - Login display in msec: 642 
22-01-19 Wed 15:43:25.548 [http-nio-8080-exec-2] [1;31mERROR[0;39m [36mc.p.b.c.LoginInterceptor[0;39m - Login display in msec: 623 
22-01-19 Wed 15:44:26.176 [http-nio-8080-exec-2] [1;31mERROR[0;39m [36mc.p.b.c.LoginInterceptor[0;39m - Login display in msec: 659 
22-01-19 Wed 15:46:57.312 [http-nio-8080-exec-2] [1;31mERROR[0;39m [36mc.p.b.c.LoginInterceptor[0;39m - Login display in msec: 638 
22-01-19 Wed 15:48:59.095 [http-nio-8080-exec-2] [1;31mERROR[0;39m [36mc.p.b.c.LoginInterceptor[0;39m - Login display in msec: 621 
22-01-19 Wed 15:52:01.320 [http-nio-8080-exec-2] [1;31mERROR[0;39m [36mc.p.b.c.LoginInterceptor[0;39m - Login display in msec: 635 
22-01-19 Wed 15:53:02.044 [http-nio-8080-exec-2] [1;31mERROR[0;39m [36mc.p.b.c.LoginInterceptor[0;39m - Login display in msec: 617 
22-01-19 Wed 15:53:45.935 [http-nio-8080-exec-3] [1;31mERROR[0;39m [36mc.p.b.c.LoginInterceptor[0;39m - Login display in msec: 786 
22-01-20 Thu 08:21:07.186 [http-nio-8080-exec-2] [1;31mERROR[0;39m [36mc.p.b.c.LoginInterceptor[0;39m - Login display in msec: 681 
22-01-20 Thu 08:21:07.296 [http-nio-8080-exec-4] [1;31mERROR[0;39m [36mc.p.b.c.LoginInterceptor[0;39m - Login display in msec: 2 
22-01-20 Thu 08:55:05.719 [http-nio-8080-exec-2] [1;31mERROR[0;39m [36mc.p.b.c.LoginInterceptor[0;39m - Login display in msec: 1025 
22-01-20 Thu 09:20:26.430 [http-nio-8080-exec-2] [1;31mERROR[0;39m [36mc.p.b.c.LoginInterceptor[0;39m - Login display in msec: 705 
22-01-20 Thu 09:30:49.320 [http-nio-8080-exec-2] [1;31mERROR[0;39m [36mc.p.b.c.LoginInterceptor[0;39m - Login display in msec: 620 
22-01-20 Thu 09:32:33.661 [http-nio-8080-exec-2] [1;31mERROR[0;39m [36mc.p.b.c.LoginInterceptor[0;39m - Login display in msec: 574 
22-01-20 Thu 09:35:50.146 [http-nio-8080-exec-2] [1;31mERROR[0;39m [36mc.p.b.c.LoginInterceptor[0;39m - Login display in msec: 998 
22-01-20 Thu 09:36:56.257 [http-nio-8080-exec-2] [1;31mERROR[0;39m [36mc.p.b.c.LoginInterceptor[0;39m - Login display in msec: 549 
22-01-20 Thu 09:44:25.111 [http-nio-8080-exec-10] [1;31mERROR[0;39m [36mc.p.b.c.LoginInterceptor[0;39m - Login display in msec: 4 
22-01-20 Thu 09:47:27.620 [http-nio-8080-exec-1] [1;31mERROR[0;39m [36mc.p.b.c.LoginInterceptor[0;39m - Login display in msec: 861 
22-01-20 Thu 09:48:07.180 [http-nio-8080-exec-1] [1;31mERROR[0;39m [36mc.p.b.c.LoginInterceptor[0;39m - Login display in msec: 647 
22-01-20 Thu 09:55:50.911 [http-nio-8080-exec-1] [1;31mERROR[0;39m [36mc.p.b.c.LoginInterceptor[0;39m - Login display in msec: 965 
22-01-20 Thu 09:56:01.228 [http-nio-8080-exec-6] [1;31mERROR[0;39m [36mc.p.b.c.LoginInterceptor[0;39m - Login display in msec: 9 
22-01-20 Thu 09:56:01.233 [http-nio-8080-exec-9] [1;31mERROR[0;39m [36mc.p.b.c.LoginInterceptor[0;39m - Login display in msec: 2 
22-01-20 Thu 09:56:01.248 [http-nio-8080-exec-7] [1;31mERROR[0;39m [36mc.p.b.c.LoginInterceptor[0;39m - Login display in msec: 5 
22-01-20 Thu 09:56:01.261 [http-nio-8080-exec-8] [1;31mERROR[0;39m [36mc.p.b.c.LoginInterceptor[0;39m - Login display in msec: 11 
22-01-20 Thu 09:56:08.489 [http-nio-8080-exec-8] [1;31mERROR[0;39m [36mc.p.b.c.LoginInterceptor[0;39m - Login display in msec: 6 
22-01-20 Thu 09:56:08.509 [http-nio-8080-exec-10] [1;31mERROR[0;39m [36mc.p.b.c.LoginInterceptor[0;39m - Login display in msec: 8 
22-01-20 Thu 09:56:08.526 [http-nio-8080-exec-1] [1;31mERROR[0;39m [36mc.p.b.c.LoginInterceptor[0;39m - Login display in msec: 10 
22-01-20 Thu 09:56:08.544 [http-nio-8080-exec-3] [1;31mERROR[0;39m [36mc.p.b.c.LoginInterceptor[0;39m - Login display in msec: 10 
22-01-20 Thu 09:56:11.111 [http-nio-8080-exec-9] [1;31mERROR[0;39m [36mc.p.b.c.LoginInterceptor[0;39m - Login display in msec: 10 
22-01-20 Thu 09:56:11.121 [http-nio-8080-exec-8] [1;31mERROR[0;39m [36mc.p.b.c.LoginInterceptor[0;39m - Login display in msec: 3 
22-01-20 Thu 09:56:11.129 [http-nio-8080-exec-10] [1;31mERROR[0;39m [36mc.p.b.c.LoginInterceptor[0;39m - Login display in msec: 2 
22-01-20 Thu 09:56:11.143 [http-nio-8080-exec-1] [1;31mERROR[0;39m [36mc.p.b.c.LoginInterceptor[0;39m - Login display in msec: 8 
22-01-20 Thu 09:56:17.228 [http-nio-8080-exec-4] [1;31mERROR[0;39m [36mc.p.b.c.LoginInterceptor[0;39m - Login display in msec: 8 
22-01-20 Thu 09:56:43.335 [http-nio-8080-exec-9] [1;31mERROR[0;39m [36mc.p.b.c.LoginInterceptor[0;39m - Login display in msec: 7 
22-01-20 Thu 09:56:43.373 [http-nio-8080-exec-10] [1;31mERROR[0;39m [36mc.p.b.c.LoginInterceptor[0;39m - Login display in msec: 4 
22-01-20 Thu 09:56:43.383 [http-nio-8080-exec-10] [1;31mERROR[0;39m [36mc.p.b.c.LoginInterceptor[0;39m - Login display in msec: 2 
22-01-20 Thu 09:56:43.397 [http-nio-8080-exec-4] [1;31mERROR[0;39m [36mc.p.b.c.LoginInterceptor[0;39m - Login display in msec: 8 
22-01-20 Thu 09:57:32.621 [http-nio-8080-exec-9] [1;31mERROR[0;39m [36mc.p.b.c.LoginInterceptor[0;39m - Login display in msec: 8 
22-01-20 Thu 09:57:32.669 [http-nio-8080-exec-7] [1;31mERROR[0;39m [36mc.p.b.c.LoginInterceptor[0;39m - Login display in msec: 7 
22-01-20 Thu 09:57:32.684 [http-nio-8080-exec-7] [1;31mERROR[0;39m [36mc.p.b.c.LoginInterceptor[0;39m - Login display in msec: 11 
22-01-20 Thu 09:57:32.693 [http-nio-8080-exec-5] [1;31mERROR[0;39m [36mc.p.b.c.LoginInterceptor[0;39m - Login display in msec: 2 
22-01-20 Thu 09:57:35.440 [http-nio-8080-exec-3] [1;31mERROR[0;39m [36mc.p.b.c.LoginInterceptor[0;39m - Login display in msec: 4 
22-01-20 Thu 09:58:08.987 [http-nio-8080-exec-2] [1;31mERROR[0;39m [36mc.p.b.c.LoginInterceptor[0;39m - Login display in msec: 1079 
22-01-20 Thu 09:58:19.562 [http-nio-8080-exec-5] [1;31mERROR[0;39m [36mc.p.b.c.LoginInterceptor[0;39m - Login display in msec: 13 
22-01-20 Thu 09:58:19.581 [http-nio-8080-exec-5] [1;31mERROR[0;39m [36mc.p.b.c.LoginInterceptor[0;39m - Login display in msec: 5 
22-01-20 Thu 09:58:19.603 [http-nio-8080-exec-7] [1;31mERROR[0;39m [36mc.p.b.c.LoginInterceptor[0;39m - Login display in msec: 5 
22-01-20 Thu 09:58:19.616 [http-nio-8080-exec-6] [1;31mERROR[0;39m [36mc.p.b.c.LoginInterceptor[0;39m - Login display in msec: 3 
22-01-20 Thu 09:58:58.657 [http-nio-8080-exec-1] [1;31mERROR[0;39m [36mc.p.b.c.LoginInterceptor[0;39m - Login display in msec: 697 
22-01-20 Thu 09:59:06.342 [http-nio-8080-exec-4] [1;31mERROR[0;39m [36mc.p.b.c.LoginInterceptor[0;39m - Login display in msec: 5 
22-01-20 Thu 09:59:06.373 [http-nio-8080-exec-6] [1;31mERROR[0;39m [36mc.p.b.c.LoginInterceptor[0;39m - Login display in msec: 21 
22-01-20 Thu 09:59:06.382 [http-nio-8080-exec-6] [1;31mERROR[0;39m [36mc.p.b.c.LoginInterceptor[0;39m - Login display in msec: 5 
22-01-20 Thu 09:59:06.395 [http-nio-8080-exec-5] [1;31mERROR[0;39m [36mc.p.b.c.LoginInterceptor[0;39m - Login display in msec: 2 
22-01-20 Thu 09:59:51.103 [http-nio-8080-exec-1] [1;31mERROR[0;39m [36mc.p.b.c.LoginInterceptor[0;39m - Login display in msec: 675 
22-01-20 Thu 10:00:46.743 [http-nio-8080-exec-7] [1;31mERROR[0;39m [36mc.p.b.c.LoginInterceptor[0;39m - Login display in msec: 299 
22-01-20 Thu 10:00:46.775 [http-nio-8080-exec-7] [1;31mERROR[0;39m [36mc.p.b.c.LoginInterceptor[0;39m - Login display in msec: 11 
22-01-20 Thu 10:00:46.790 [http-nio-8080-exec-8] [1;31mERROR[0;39m [36mc.p.b.c.LoginInterceptor[0;39m - Login display in msec: 10 
22-01-20 Thu 10:00:46.802 [http-nio-8080-exec-9] [1;31mERROR[0;39m [36mc.p.b.c.LoginInterceptor[0;39m - Login display in msec: 7 
22-01-20 Thu 10:00:48.865 [http-nio-8080-exec-10] [1;31mERROR[0;39m [36mc.p.b.c.LoginInterceptor[0;39m - Login display in msec: 5 
22-01-20 Thu 10:01:00.778 [http-nio-8080-exec-7] [1;31mERROR[0;39m [36mc.p.b.c.LoginInterceptor[0;39m - Login display in msec: 6 
22-01-20 Thu 10:01:09.278 [http-nio-8080-exec-2] [1;31mERROR[0;39m [36mc.p.b.c.LoginInterceptor[0;39m - Login display in msec: 7 
22-01-20 Thu 10:01:09.322 [http-nio-8080-exec-1] [1;31mERROR[0;39m [36mc.p.b.c.LoginInterceptor[0;39m - Login display in msec: 6 
22-01-20 Thu 10:01:09.348 [http-nio-8080-exec-4] [1;31mERROR[0;39m [36mc.p.b.c.LoginInterceptor[0;39m - Login display in msec: 13 
22-01-20 Thu 10:01:09.356 [http-nio-8080-exec-4] [1;31mERROR[0;39m [36mc.p.b.c.LoginInterceptor[0;39m - Login display in msec: 0 
22-01-20 Thu 10:01:15.918 [http-nio-8080-exec-2] [1;31mERROR[0;39m [36mc.p.b.c.LoginInterceptor[0;39m - Login display in msec: 3 
22-01-20 Thu 10:01:15.932 [http-nio-8080-exec-4] [1;31mERROR[0;39m [36mc.p.b.c.LoginInterceptor[0;39m - Login display in msec: 4 
22-01-20 Thu 10:01:15.939 [http-nio-8080-exec-4] [1;31mERROR[0;39m [36mc.p.b.c.LoginInterceptor[0;39m - Login display in msec: 2 
22-01-20 Thu 10:01:15.953 [http-nio-8080-exec-8] [1;31mERROR[0;39m [36mc.p.b.c.LoginInterceptor[0;39m - Login display in msec: 5 
22-01-20 Thu 10:01:24.103 [http-nio-8080-exec-3] [1;31mERROR[0;39m [36mc.p.b.c.LoginInterceptor[0;39m - Login display in msec: 4 
22-01-20 Thu 10:04:09.123 [http-nio-8080-exec-1] [1;31mERROR[0;39m [36mc.p.b.c.LoginInterceptor[0;39m - Login display in msec: 1231 
22-01-20 Thu 10:04:20.417 [http-nio-8080-exec-9] [1;31mERROR[0;39m [36mc.p.b.c.LoginInterceptor[0;39m - Login display in msec: 4 
22-01-20 Thu 10:04:20.435 [http-nio-8080-exec-7] [1;31mERROR[0;39m [36mc.p.b.c.LoginInterceptor[0;39m - Login display in msec: 3 
22-01-20 Thu 10:04:20.447 [http-nio-8080-exec-7] [1;31mERROR[0;39m [36mc.p.b.c.LoginInterceptor[0;39m - Login display in msec: 3 
22-01-20 Thu 10:04:20.460 [http-nio-8080-exec-8] [1;31mERROR[0;39m [36mc.p.b.c.LoginInterceptor[0;39m - Login display in msec: 3 
22-01-20 Thu 10:04:23.263 [http-nio-8080-exec-8] [1;31mERROR[0;39m [36mc.p.b.c.LoginInterceptor[0;39m - Login display in msec: 11 
22-01-20 Thu 10:04:23.282 [http-nio-8080-exec-10] [1;31mERROR[0;39m [36mc.p.b.c.LoginInterceptor[0;39m - Login display in msec: 7 
22-01-20 Thu 10:04:23.297 [http-nio-8080-exec-4] [1;31mERROR[0;39m [36mc.p.b.c.LoginInterceptor[0;39m - Login display in msec: 7 
22-01-20 Thu 10:04:23.307 [http-nio-8080-exec-1] [1;31mERROR[0;39m [36mc.p.b.c.LoginInterceptor[0;39m - Login display in msec: 6 
22-01-20 Thu 10:04:24.327 [http-nio-8080-exec-7] [1;31mERROR[0;39m [36mc.p.b.c.LoginInterceptor[0;39m - Login display in msec: 5 
22-01-20 Thu 10:04:24.335 [http-nio-8080-exec-8] [1;31mERROR[0;39m [36mc.p.b.c.LoginInterceptor[0;39m - Login display in msec: 5 
22-01-20 Thu 10:04:24.356 [http-nio-8080-exec-8] [1;31mERROR[0;39m [36mc.p.b.c.LoginInterceptor[0;39m - Login display in msec: 5 
22-01-20 Thu 10:04:24.368 [http-nio-8080-exec-10] [1;31mERROR[0;39m [36mc.p.b.c.LoginInterceptor[0;39m - Login display in msec: 3 
22-01-20 Thu 10:04:25.466 [http-nio-8080-exec-3] [1;31mERROR[0;39m [36mc.p.b.c.LoginInterceptor[0;39m - Login display in msec: 3 
22-01-20 Thu 10:04:25.476 [http-nio-8080-exec-3] [1;31mERROR[0;39m [36mc.p.b.c.LoginInterceptor[0;39m - Login display in msec: 6 
22-01-20 Thu 10:04:25.482 [http-nio-8080-exec-3] [1;31mERROR[0;39m [36mc.p.b.c.LoginInterceptor[0;39m - Login display in msec: 3 
22-01-20 Thu 10:04:25.494 [http-nio-8080-exec-9] [1;31mERROR[0;39m [36mc.p.b.c.LoginInterceptor[0;39m - Login display in msec: 8 
22-01-20 Thu 10:05:06.013 [http-nio-8080-exec-5] [1;31mERROR[0;39m [36mc.p.b.c.LoginInterceptor[0;39m - Login display in msec: 5 
22-01-20 Thu 10:10:34.424 [http-nio-8080-exec-2] [1;31mERROR[0;39m [36mc.p.b.c.LoginInterceptor[0;39m - Login display in msec: 967 
22-01-20 Thu 10:10:54.039 [http-nio-8080-exec-9] [1;31mERROR[0;39m [36mc.p.b.c.LoginInterceptor[0;39m - Login display in msec: 7 
22-01-20 Thu 10:12:01.329 [http-nio-8080-exec-2] [1;31mERROR[0;39m [36mc.p.b.c.LoginInterceptor[0;39m - Login display in msec: 1001 
22-01-20 Thu 10:13:26.882 [http-nio-8080-exec-1] [1;31mERROR[0;39m [36mc.p.b.c.LoginInterceptor[0;39m - Login display in msec: 671 
22-01-20 Thu 10:14:25.326 [http-nio-8080-exec-1] [1;31mERROR[0;39m [36mc.p.b.c.LoginInterceptor[0;39m - Login display in msec: 335 
22-01-20 Thu 10:14:57.384 [http-nio-8080-exec-1] [1;31mERROR[0;39m [36mc.p.b.c.LoginInterceptor[0;39m - Login display in msec: 5 
22-01-20 Thu 10:18:29.815 [http-nio-8080-exec-2] [1;31mERROR[0;39m [36mc.p.b.c.LoginInterceptor[0;39m - Login display in msec: 590 
22-01-20 Thu 10:19:42.685 [http-nio-8080-exec-1] [1;31mERROR[0;39m [36mc.p.b.c.LoginInterceptor[0;39m - Login display in msec: 310 
22-01-20 Thu 10:24:03.370 [http-nio-8080-exec-1] [1;31mERROR[0;39m [36mc.p.b.c.LoginInterceptor[0;39m - Login display in msec: 1320 
22-01-20 Thu 10:26:02.946 [http-nio-8080-exec-1] [1;31mERROR[0;39m [36mc.p.b.c.LoginInterceptor[0;39m - Login display in msec: 709 
22-01-20 Thu 10:26:18.735 [http-nio-8080-exec-4] [1;31mERROR[0;39m [36mc.p.b.c.LoginInterceptor[0;39m - Login display in msec: 5 
22-01-21 Fri 10:03:25.307 [http-nio-8080-exec-6] [1;31mERROR[0;39m [36mc.p.b.c.LoginInterceptor[0;39m - Login display in msec: 190 
22-01-21 Fri 12:50:41.733 [http-nio-8080-exec-1] [1;31mERROR[0;39m [36mc.p.b.c.LoginInterceptor[0;39m - Login display in msec: 300 
22-01-21 Fri 14:07:42.713 [http-nio-8080-exec-5] [1;31mERROR[0;39m [36mc.p.b.c.LoginInterceptor[0;39m - Login display in msec: 68 
22-01-23 Sun 11:29:37.179 [http-nio-8080-exec-7] [1;31mERROR[0;39m [36mc.p.b.c.LoginInterceptor[0;39m - Login display in msec: 8 
22-01-31 Mon 13:19:36.554 [http-nio-8080-exec-5] [1;31mERROR[0;39m [36mc.p.b.c.LoginInterceptor[0;39m - Login display in msec: 331 
22-01-31 Mon 13:22:42.786 [http-nio-8080-exec-2] [1;31mERROR[0;39m [36mc.p.b.c.LoginInterceptor[0;39m - Login display in msec: 1164 
22-01-31 Mon 13:22:51.448 [http-nio-8080-exec-4] [1;31mERROR[0;39m [36mc.p.b.c.LoginInterceptor[0;39m - Login display in msec: 9 
22-01-31 Mon 13:22:58.661 [http-nio-8080-exec-6] [1;31mERROR[0;39m [36mc.p.b.c.LoginInterceptor[0;39m - Login display in msec: 10 
22-01-31 Mon 13:23:17.193 [http-nio-8080-exec-8] [1;31mERROR[0;39m [36mc.p.b.c.LoginInterceptor[0;39m - Login display in msec: 8 
22-01-31 Mon 13:23:23.150 [http-nio-8080-exec-4] [1;31mERROR[0;39m [36mc.p.b.c.LoginInterceptor[0;39m - Login display in msec: 6 
22-01-31 Mon 13:23:29.680 [http-nio-8080-exec-10] [1;31mERROR[0;39m [36mc.p.b.c.LoginInterceptor[0;39m - Login display in msec: 8 
22-02-01 Tue 09:49:58.545 [http-nio-8080-exec-8] [1;31mERROR[0;39m [36mc.p.b.c.LoginInterceptor[0;39m - Login display in msec: 207 
22-02-01 Tue 11:42:06.913 [http-nio-8080-exec-3] [1;31mERROR[0;39m [36mc.p.b.c.LoginInterceptor[0;39m - Login display in msec: 217 
